<?xml version="1.0" encoding="UTF-8"?>
<!-- Generated by org.testng.reporters.JUnitReportReporter -->
<testsuite hostname="RSI1587" failures="0" tests="2" name="br.com.rsinet.hub_TDD.Testes.BuscaLupa" time="27.953" errors="0" timestamp="2020-02-10T13:31:48 BRT" skipped="0">
  <testcase classname="br.com.rsinet.hub_TDD.Testes.BuscaLupa" name="BuscaPelaLupa1" time="13.946"/>
  <testcase classname="br.com.rsinet.hub_TDD.Testes.BuscaLupa" name="BuscaPelaLupa2" time="14.007"/>
</testsuite> <!-- br.com.rsinet.hub_TDD.Testes.BuscaLupa -->
