<?xml version="1.0" encoding="UTF-8"?>
<!-- Generated by org.testng.reporters.JUnitReportReporter -->
<testsuite hostname="RSI1587" failures="0" tests="1" name="br.com.alura.maven.aToolsQA.PaginaInicial" time="18.576" errors="0" timestamp="2020-01-31T11:27:36 BRT" skipped="0">
  <testcase classname="br.com.alura.maven.aToolsQA.PaginaInicial" name="main" time="18.576"/>
</testsuite> <!-- br.com.alura.maven.aToolsQA.PaginaInicial -->
