<?xml version="1.0" encoding="UTF-8"?>
<!-- Generated by org.testng.reporters.JUnitReportReporter -->
<testsuite hostname="RSI1587" failures="0" tests="2" name="br.com.rsinet.hub_TDD.Testes.TestCadastro" time="107.716" errors="0" timestamp="2020-02-10T11:14:42 BRT" skipped="0">
  <testcase classname="br.com.rsinet.hub_TDD.Testes.TestCadastro" name="Cadastro2" time="53.295"/>
  <testcase classname="br.com.rsinet.hub_TDD.Testes.TestCadastro" name="Cadastro1" time="54.421"/>
</testsuite> <!-- br.com.rsinet.hub_TDD.Testes.TestCadastro -->
