<?xml version="1.0" encoding="UTF-8"?>
<!-- Generated by org.testng.reporters.JUnitReportReporter -->
<testsuite hostname="RSI1587" failures="0" tests="2" name="br.com.rsinet.hub_TDD.Testes.PaginaInicial" time="43.161" errors="0" timestamp="2020-02-06T15:49:29 BRT" skipped="0">
  <testcase classname="br.com.rsinet.hub_TDD.Testes.PaginaInicial" name="PaginaInicial1" time="16.948"/>
  <testcase classname="br.com.rsinet.hub_TDD.Testes.PaginaInicial" name="PaginaInicial2" time="26.213"/>
</testsuite> <!-- br.com.rsinet.hub_TDD.Testes.PaginaInicial -->
