<?xml version="1.0" encoding="UTF-8"?>
<!-- Generated by org.testng.reporters.JUnitReportReporter -->
<testsuite hostname="RSI1587" failures="0" tests="2" name="br.com.rsinet.hub_TDD.Testes.BuscaLupa" time="28.191" errors="0" timestamp="2020-02-05T10:08:58 BRT" skipped="0">
  <testcase classname="br.com.rsinet.hub_TDD.Testes.BuscaLupa" name="BuscaPelaLupa1" time="16.117"/>
  <testcase classname="br.com.rsinet.hub_TDD.Testes.BuscaLupa" name="BuscaPelaLupa2" time="12.074"/>
</testsuite> <!-- br.com.rsinet.hub_TDD.Testes.BuscaLupa -->
