<?xml version="1.0" encoding="UTF-8"?>
<!-- Generated by org.testng.reporters.JUnitReportReporter -->
<testsuite hostname="RSI1587" failures="0" tests="2" name="br.com.rsinet.hub_TDD.Testes.PaginaInicial" time="42.706" errors="0" timestamp="2020-02-11T12:39:59 BRT" skipped="0">
  <testcase classname="br.com.rsinet.hub_TDD.Testes.PaginaInicial" name="PaginaInicial1" time="15.923"/>
  <testcase classname="br.com.rsinet.hub_TDD.Testes.PaginaInicial" name="PaginaInicial2" time="26.783"/>
</testsuite> <!-- br.com.rsinet.hub_TDD.Testes.PaginaInicial -->
