<?xml version="1.0" encoding="UTF-8"?>
<!-- Generated by org.testng.reporters.JUnitReportReporter -->
<testsuite hostname="RSI1587" failures="0" tests="2" name="br.com.rsinet.hub_TDD.Testes.BuscaLupa" time="32.038" errors="0" timestamp="2020-02-12T09:53:29 BRT" skipped="0">
  <testcase classname="br.com.rsinet.hub_TDD.Testes.BuscaLupa" name="BuscaPelaLupa1" time="16.168"/>
  <testcase classname="br.com.rsinet.hub_TDD.Testes.BuscaLupa" name="BuscaPelaLupa2" time="15.870"/>
</testsuite> <!-- br.com.rsinet.hub_TDD.Testes.BuscaLupa -->
