<?xml version="1.0" encoding="UTF-8"?>
<!-- Generated by org.testng.reporters.JUnitReportReporter -->
<testsuite hostname="RSI1587" failures="0" tests="2" name="br.com.rsinet.hub_TDD.Testes.PaginaInicial" time="47.158" errors="0" timestamp="2020-02-12T09:53:29 BRT" skipped="0">
  <testcase classname="br.com.rsinet.hub_TDD.Testes.PaginaInicial" name="PaginaInicial1" time="18.016"/>
  <testcase classname="br.com.rsinet.hub_TDD.Testes.PaginaInicial" name="PaginaInicial2" time="29.142"/>
</testsuite> <!-- br.com.rsinet.hub_TDD.Testes.PaginaInicial -->
