<?xml version="1.0" encoding="UTF-8"?>
<!-- Generated by org.testng.reporters.JUnitReportReporter -->
<testsuite hostname="RSI1587" failures="0" tests="2" name="br.com.rsinet.hub_TDD.Testes.PaginaInicial" time="41.780" errors="0" timestamp="2020-02-10T11:14:42 BRT" skipped="0">
  <testcase classname="br.com.rsinet.hub_TDD.Testes.PaginaInicial" name="PaginaInicial2" time="25.669"/>
  <testcase classname="br.com.rsinet.hub_TDD.Testes.PaginaInicial" name="PaginaInicial1" time="16.111"/>
</testsuite> <!-- br.com.rsinet.hub_TDD.Testes.PaginaInicial -->
